<?xml version="1.0" encoding="UTF-8"?>
<!-- Generated by org.testng.reporters.JUnitReportReporter -->
<testsuite skipped="0" hostname="DESKTOP-2S7M9HQ" name="com.PracticeTestClasses.LoginTests" tests="2" failures="0" timestamp="2020-06-10T00:09:18 IST" time="58.025" errors="0">
  <testcase name="testLogin" time="29.640" classname="com.PracticeTestClasses.LoginTests"/>
  <system-out/>
  <testcase name="testInvalidLogin" time="28.385" classname="com.PracticeTestClasses.LoginTests"/>
  <system-out/>
</testsuite> <!-- com.PracticeTestClasses.LoginTests -->
