<?xml version="1.0" encoding="UTF-8"?>
<!-- Generated by org.testng.reporters.JUnitReportReporter -->
<testsuite skipped="0" hostname="DESKTOP-2S7M9HQ" name="com.PracticeTestClasses.AllCoursesTest" tests="2" failures="0" timestamp="2020-06-10T00:09:18 IST" time="9.963" errors="0">
  <testcase name="filterByCategory" time="6.142" classname="com.PracticeTestClasses.AllCoursesTest"/>
  <system-out/>
  <testcase name="verifySearchCourse" time="3.821" classname="com.PracticeTestClasses.AllCoursesTest"/>
  <system-out/>
</testsuite> <!-- com.PracticeTestClasses.AllCoursesTest -->
